<?xml version="1.0" encoding="UTF-8"?>
<!-- Generated by org.testng.reporters.JUnitReportReporter -->
<testsuite hostname="Lingaraj-PC" failures="0" tests="3" name="comCastFrameWork.CreateModDelConTest" time="0.038" errors="0" timestamp="2022-05-10T16:09:46 IST" skipped="0">
  <testcase classname="comCastFrameWork.CreateModDelConTest" name="modifyConTest" time="0.004"/>
  <system-out/>
  <testcase classname="comCastFrameWork.CreateModDelConTest" name="delConTest" time="0.002"/>
  <system-out/>
  <testcase classname="comCastFrameWork.CreateModDelConTest" name="createConTest" time="0.032"/>
  <system-out/>
</testsuite> <!-- comCastFrameWork.CreateModDelConTest -->
