<?xml version="1.0" encoding="UTF-8"?>
<!-- Generated by org.testng.reporters.JUnitReportReporter -->
<testsuite skipped="0" hostname="Lingaraj-PC" name="com.crm.comcast.contactTest.CreateModDelConTest" tests="3" failures="0" timestamp="2022-05-10T13:02:16 IST" time="0.002" errors="0">
  <testcase name="modifyConTest" time="0.001" classname="com.crm.comcast.contactTest.CreateModDelConTest"/>
  <system-out/>
  <testcase name="createConTest" time="0.001" classname="com.crm.comcast.contactTest.CreateModDelConTest"/>
  <system-out/>
  <testcase name="delConTest" time="0.000" classname="com.crm.comcast.contactTest.CreateModDelConTest"/>
  <system-out/>
</testsuite> <!-- com.crm.comcast.contactTest.CreateModDelConTest -->
