<?xml version="1.0" encoding="UTF-8"?>
<!-- Generated by org.testng.reporters.JUnitReportReporter -->
<testsuite skipped="0" hostname="Lingaraj-PC" name="com.crm.comcast.campaignTest.CreateModDelCampTest" tests="3" failures="0" timestamp="2022-05-13T13:01:06 IST" time="0.002" errors="0">
  <testcase name="createCampTest" time="0.000" classname="com.crm.comcast.campaignTest.CreateModDelCampTest"/>
  <system-out/>
  <testcase name="modifyCampTest" time="0.001" classname="com.crm.comcast.campaignTest.CreateModDelCampTest"/>
  <system-out/>
  <testcase name="delCampTest" time="0.001" classname="com.crm.comcast.campaignTest.CreateModDelCampTest"/>
  <system-out/>
</testsuite> <!-- com.crm.comcast.campaignTest.CreateModDelCampTest -->
