<?xml version="1.0" encoding="UTF-8"?>
<!-- Generated by org.testng.reporters.JUnitReportReporter -->
<testsuite skipped="0" hostname="Lingaraj-PC" name="com.crm.comcast.organizationTest.CreateModDelOrgTest" tests="3" failures="0" timestamp="2022-05-10T17:10:48 IST" time="0.000" errors="0">
  <testcase name="modifyOrgTest" time="0.000" classname="com.crm.comcast.organizationTest.CreateModDelOrgTest"/>
  <system-out/>
  <testcase name="delOrgTest" time="0.000" classname="com.crm.comcast.organizationTest.CreateModDelOrgTest"/>
  <system-out/>
  <testcase name="createOrgTest" time="0.000" classname="com.crm.comcast.organizationTest.CreateModDelOrgTest"/>
  <system-out/>
</testsuite> <!-- com.crm.comcast.organizationTest.CreateModDelOrgTest -->
