<?xml version="1.0" encoding="UTF-8"?>
<!-- Generated by org.testng.reporters.JUnitReportReporter -->
<testsuite skipped="0" hostname="Lingaraj-PC" name="comCastFrameWork.CreateModDelConTest" tests="3" failures="0" timestamp="2022-05-13T13:01:06 IST" time="0.008" errors="0">
  <testcase name="delConTest" time="0.000" classname="comCastFrameWork.CreateModDelConTest"/>
  <system-out/>
  <testcase name="modifyConTest" time="0.000" classname="comCastFrameWork.CreateModDelConTest"/>
  <system-out/>
  <testcase name="createConTest" time="0.008" classname="comCastFrameWork.CreateModDelConTest"/>
  <system-out/>
</testsuite> <!-- comCastFrameWork.CreateModDelConTest -->
